#
# A fatal error has been detected by the Java Runtime Environment:
#
#  EXCEPTION_ACCESS_VIOLATION (0xc0000005) at pc=0x00007fff480a1bc5, pid=2140, tid=10720
#
# JRE version:  (21.0.2+13) (build )
# Java VM: Java HotSpot(TM) 64-Bit Server VM (21.0.2+13-LTS-58, mixed mode, sharing, tiered, compressed class ptrs, unknown gc, windows-amd64)
# Problematic frame:
# C  [jimage.dll+0x1bc5]
#
# No core dump will be written. Minidumps are not enabled by default on client versions of Windows
#
#

---------------  S U M M A R Y ------------

Command Line: 

Host: Intel(R) Core(TM) i5-4460  CPU @ 3.20GHz, 4 cores, 1G,  Windows 11 , 64 bit Build 22621 (10.0.22621.2506)
Time: Tue Jun  4 12:06:47 2024 GMT Summer Time elapsed time: 0.047646 seconds (0d 0h 0m 0s)

---------------  T H R E A D  ---------------

Current thread is native thread

Stack: [0x00000038aed00000,0x00000038aee00000],  sp=0x00000038aedfd720,  free space=1013k
Native frames: (J=compiled Java code, j=interpreted, Vv=VM code, C=native code)
C  [jimage.dll+0x1bc5]
C  [jimage.dll+0x1d53]
C  [jimage.dll+0x261d]
V  [jvm.dll+0x21fdd0]


siginfo: EXCEPTION_ACCESS_VIOLATION (0xc0000005), reading address 0x000000000000c07c


Registers:
RAX=0x0000000000003018, RBX=0x00000038aedfd811, RCX=0x00007fff480a6000, RDX=0x0000000000003018
RSP=0x00000038aedfd720, RBP=0x00000038aedfd810, RSI=0x0000000000007714, RDI=0x00000038aedfd810
R8 =0x00007fff480a4298, R9 =0x000000000000001c, R10=0x00007fff480b0000, R11=0x00007fff480a6000
R12=0x0000000000000000, R13=0x00000038aedffc90, R14=0x00000038aedfe880, R15=0x00007fff13c039e0
RIP=0x00007fff480a1bc5, EFLAGS=0x0000000000010246


Top of Stack: (sp=0x00000038aedfd720)
0x00000038aedfd720:   000001f2565e0b28 000000008f00028d
0x00000038aedfd730:   000001f2565e0b40 000001f2565e0afc
0x00000038aedfd740:   000001f2566bb460 00007fff480a1d53
0x00000038aedfd750:   000000000000000b 000001f2566bb460
0x00000038aedfd760:   00000000000006f5 00000000000006f5
0x00000038aedfd770:   00000000000006f5 00007fff4f1d423a
0x00000038aedfd780:   000001f2566a2f10 000001f28f00028d
0x00000038aedfd790:   000001f2566a0000 00007fff000003ff
0x00000038aedfd7a0:   00000000000006f5 000001f258b50080
0x00000038aedfd7b0:   00003cd9e5220155 000001f2566a0150
0x00000038aedfd7c0:   00007fff13be1460 0000000000000017
0x00000038aedfd7d0:   000001f2566bb460 00000038aedfe880
0x00000038aedfd7e0:   000000000000000b 00007fff480a261d
0x00000038aedfd7f0:   000001f2566a0000 00007fff000003ff
0x00000038aedfd800:   000000000000075e 000001f25896d9f0
0x00000038aedfd810:   61622e6176616a2f 692f6b646a2f6573
0x00000038aedfd820:   2f6c616e7265746e 6f6974706f2f6d76
0x00000038aedfd830:   000001f25600736e 000001f25896efc0
0x00000038aedfd840:   000001f2000003ff 000000000000075e
0x00000038aedfd850:   000001f258950000 000001f205010004
0x00000038aedfd860:   00000000000005eb 0000000000005eb0
0x00000038aedfd870:   000001f2566a007c 000001f2566a0150
0x00000038aedfd880:   000001f25896d9e0 00007fff8f00028d
0x00000038aedfd890:   000001f2566a0000 0000003802000002
0x00000038aedfd8a0:   0000000000000000 0000000000000000
0x00000038aedfd8b0:   000001f2566a0150 000001f258973890
0x00000038aedfd8c0:   0000000000000000 0000000000000000
0x00000038aedfd8d0:   0000000000000173 00007fff4f1d423a
0x00000038aedfd8e0:   000001f2566a2f10 00000038aedfdc19
0x00000038aedfd8f0:   000001f2566a0000 0000000000000173
0x00000038aedfd900:   000001f2589738a0 000001f258973890
0x00000038aedfd910:   000001f2566a02c0 00007fff4f1cf476 

Instructions: (pc=0x00007fff480a1bc5)
0x00007fff480a1ac5:   48 85 c9 74 1d 80 3d 3f 45 00 00 00 74 06 48 8b
0x00007fff480a1ad5:   53 18 eb 04 48 8b 53 40 e8 9a 0e 00 00 48 83 63
0x00007fff480a1ae5:   48 00 8b 4b 0c 83 f9 ff 74 09 e8 d0 0c 00 00 83
0x00007fff480a1af5:   4b 0c ff 48 8b 4b 70 48 85 c9 74 0f ba 10 00 00
0x00007fff480a1b05:   00 e8 f1 0e 00 00 48 83 63 70 00 48 83 c4 20 5b
0x00007fff480a1b15:   c3 cc cc 40 53 48 83 ec 20 48 8b d9 48 8d 0d f8
0x00007fff480a1b25:   46 00 00 e8 9f 0c 00 00 83 6b 08 01 75 24 48 8b
0x00007fff480a1b35:   d3 48 8d 0d db 44 00 00 e8 22 08 00 00 48 8b cb
0x00007fff480a1b45:   e8 d6 fe ff ff ba 78 00 00 00 48 8b cb e8 a5 0e
0x00007fff480a1b55:   00 00 48 8d 0d c2 46 00 00 48 83 c4 20 5b e9 6c
0x00007fff480a1b65:   0c 00 00 48 89 5c 24 08 48 89 74 24 10 57 48 83
0x00007fff480a1b75:   ec 20 41 8b f1 4d 8b c8 48 8b fa 4c 8b d9 4d 85
0x00007fff480a1b85:   c0 74 78 85 f6 74 74 44 8a 12 48 8d 5a 01 48 8b
0x00007fff480a1b95:   d3 b8 93 01 00 01 eb 12 69 c0 93 01 00 01 41 0f
0x00007fff480a1ba5:   b6 ca 44 8a 12 33 c1 48 ff c2 45 84 d2 75 e9 4d
0x00007fff480a1bb5:   8b 03 0f ba f0 1f 33 d2 49 8b cb f7 f6 48 63 c2
0x00007fff480a1bc5:   41 8b 14 81 41 ff 50 08 85 c0 7e 24 8a 0f eb 10
0x00007fff480a1bd5:   69 c0 93 01 00 01 0f b6 c9 33 c1 8a 0b 48 ff c3
0x00007fff480a1be5:   84 c9 75 ec 0f ba f0 1f 33 d2 f7 f6 8b c2 eb 0e
0x00007fff480a1bf5:   79 09 83 c9 ff 2b c8 8b c1 eb 03 83 c8 ff 48 8b
0x00007fff480a1c05:   5c 24 30 48 8b 74 24 38 48 83 c4 20 5f c3 cc 48
0x00007fff480a1c15:   89 5c 24 08 48 89 74 24 10 57 48 83 ec 20 48 8b
0x00007fff480a1c25:   f1 48 8d 0d f3 45 00 00 e8 9a 0b 00 00 33 ff 39
0x00007fff480a1c35:   3d de 43 00 00 76 24 48 8b 05 dd 43 00 00 48 8b
0x00007fff480a1c45:   d6 48 8b 1c f8 48 8b 0b e8 68 1e 00 00 85 c0 74
0x00007fff480a1c55:   2b ff c7 3b 3d ba 43 00 00 72 dc 33 db 48 8d 0d
0x00007fff480a1c65:   b7 45 00 00 e8 66 0b 00 00 48 8b 74 24 38 48 8b
0x00007fff480a1c75:   c3 48 8b 5c 24 30 48 83 c4 20 5f c3 ff 43 08 eb
0x00007fff480a1c85:   dc cc cc 48 89 5c 24 08 48 89 74 24 10 57 48 83
0x00007fff480a1c95:   ec 20 48 8b d9 48 8b f2 48 8b 49 10 49 8b f8 8b
0x00007fff480a1ca5:   53 30 48 8b 01 ff 50 20 4c 8b 43 50 48 8b d6 48
0x00007fff480a1cb5:   8b 4b 10 44 8b c8 e8 a8 fe ff ff 83 f8 ff 74 38 



---------------  P R O C E S S  ---------------

VM state: not at safepoint (not fully initialized)

VM Mutex/Monitor currently owned by a thread: None

CDS archive(s) mapped at: [0x0000000000000000-0x0000000000000000-0x0000000000000000), size 0, SharedBaseAddress: 0x0000000800000000, ArchiveRelocationMode: 1.
Narrow klass base: 0x0000000000000000, Narrow klass shift: 0, Narrow klass range: 0x0

GC Precious Log:
<Not initialized>


Dynamic libraries:
0x00007ff7bf9c0000 - 0x00007ff7bf9d0000 	C:\Program Files\Java\jdk-21\bin\java.exe
0x00007fff4f190000 - 0x00007fff4f3a7000 	C:\Windows\SYSTEM32\ntdll.dll
0x00007fff4e160000 - 0x00007fff4e224000 	C:\Windows\System32\KERNEL32.DLL
0x00007fff4c790000 - 0x00007fff4cb36000 	C:\Windows\System32\KERNELBASE.dll
0x00007fff4cc10000 - 0x00007fff4cd21000 	C:\Windows\System32\ucrtbase.dll
0x00007fff480b0000 - 0x00007fff480cb000 	C:\Program Files\Java\jdk-21\bin\VCRUNTIME140.dll
0x00007fff43300000 - 0x00007fff43319000 	C:\Program Files\Java\jdk-21\bin\jli.dll
0x00007fff4e290000 - 0x00007fff4e343000 	C:\Windows\System32\ADVAPI32.dll
0x00007fff4d810000 - 0x00007fff4d8b7000 	C:\Windows\System32\msvcrt.dll
0x00007fff4e0b0000 - 0x00007fff4e158000 	C:\Windows\System32\sechost.dll
0x00007fff4c4d0000 - 0x00007fff4c4f8000 	C:\Windows\System32\bcrypt.dll
0x00007fff4cef0000 - 0x00007fff4d007000 	C:\Windows\System32\RPCRT4.dll
0x00007fff4df00000 - 0x00007fff4e0ae000 	C:\Windows\System32\USER32.dll
0x00007fff4cbe0000 - 0x00007fff4cc06000 	C:\Windows\System32\win32u.dll
0x00007fff4e350000 - 0x00007fff4e379000 	C:\Windows\System32\GDI32.dll
0x00007fff4c500000 - 0x00007fff4c618000 	C:\Windows\System32\gdi32full.dll
0x00007fff4cb40000 - 0x00007fff4cbda000 	C:\Windows\System32\msvcp_win.dll
0x00007fff39b40000 - 0x00007fff39dd3000 	C:\Windows\WinSxS\amd64_microsoft.windows.common-controls_6595b64144ccf1df_6.0.22621.2506_none_270c5ae97388e100\COMCTL32.dll
0x00007fff3fda0000 - 0x00007fff3fdaa000 	C:\Windows\SYSTEM32\VERSION.dll
0x00007fff4e250000 - 0x00007fff4e281000 	C:\Windows\System32\IMM32.DLL
0x00007fff49830000 - 0x00007fff4983c000 	C:\Program Files\Java\jdk-21\bin\vcruntime140_1.dll
0x00007fff21f80000 - 0x00007fff2200e000 	C:\Program Files\Java\jdk-21\bin\msvcp140.dll
0x00007fff13250000 - 0x00007fff13f67000 	C:\Program Files\Java\jdk-21\bin\server\jvm.dll
0x00007fff4d970000 - 0x00007fff4d9e1000 	C:\Windows\System32\WS2_32.dll
0x00007fff4c3a0000 - 0x00007fff4c3ed000 	C:\Windows\SYSTEM32\POWRPROF.dll
0x00007fff326d0000 - 0x00007fff32704000 	C:\Windows\SYSTEM32\WINMM.dll
0x00007fff4c380000 - 0x00007fff4c393000 	C:\Windows\SYSTEM32\UMPDC.dll
0x00007fff4b500000 - 0x00007fff4b518000 	C:\Windows\SYSTEM32\kernel.appcore.dll
0x00007fff480a0000 - 0x00007fff480aa000 	C:\Program Files\Java\jdk-21\bin\jimage.dll
0x00007fff3dd50000 - 0x00007fff3df83000 	C:\Windows\SYSTEM32\DBGHELP.DLL
0x00007fff4db70000 - 0x00007fff4def9000 	C:\Windows\System32\combase.dll
0x00007fff4e800000 - 0x00007fff4e8d7000 	C:\Windows\System32\OLEAUT32.dll
0x00007fff3d540000 - 0x00007fff3d572000 	C:\Windows\SYSTEM32\dbgcore.DLL
0x00007fff4ce60000 - 0x00007fff4ceda000 	C:\Windows\System32\bcryptPrimitives.dll

dbghelp: loaded successfully - version: 4.0.5 - missing functions: none
symbol engine: initialized successfully - sym options: 0x614 - pdb path: .;C:\Program Files\Java\jdk-21\bin;C:\Windows\SYSTEM32;C:\Windows\WinSxS\amd64_microsoft.windows.common-controls_6595b64144ccf1df_6.0.22621.2506_none_270c5ae97388e100;C:\Program Files\Java\jdk-21\bin\server

VM Arguments:
java_command: <unknown>
java_class_path (initial): <not set>
Launcher Type: SUN_STANDARD

[Global flags]
     bool UseLargePagesIndividualAllocation        = false                                  {pd product} {ergonomic}

Logging:
Log output configuration:
 #0: stdout all=warning uptime,level,tags foldmultilines=false
 #1: stderr all=off uptime,level,tags foldmultilines=false

Environment Variables:
JAVA_HOME=C:\Program Files\Java\jdk-21\bin
PATH=C:\Program Files\Common Files\Oracle\Java\javapath;C:\Windows\system32;C:\Windows;C:\Windows\System32\Wbem;C:\Windows\System32\WindowsPowerShell\v1.0\;C:\Windows\System32\OpenSSH\;C:\Program Files\Git\cmd;C:\Program Files\Java\jdk-21\bin;D:\Program Files\Java\jdk-22\bin;C:\Program Files\MySQL\MySQL Shell 8.0\bin\;C:\Users\Aamir\AppData\Local\Microsoft\WindowsApps;C:\Users\Aamir\AppData\Local\GitHubDesktop\bin;d:\Users\Aamir\AppData\Local\Programs\Microsoft VS Code\bin
USERNAME=Aamir
OS=Windows_NT
PROCESSOR_IDENTIFIER=Intel64 Family 6 Model 60 Stepping 3, GenuineIntel
TMP=C:\Users\Aamir\AppData\Local\Temp
TEMP=C:\Users\Aamir\AppData\Local\Temp




Periodic native trim disabled

---------------  S Y S T E M  ---------------

OS:
 Windows 11 , 64 bit Build 22621 (10.0.22621.2506)
OS uptime: 1 days 2:20 hours

CPU: total 4 (initial active 0) 
Processor Information for all 4 processors :
  Max Mhz: 3201, Current Mhz: 3201, Mhz Limit: 3201

Memory: 4k page, system-wide physical 1960M (192M free)
TotalPageFile size 6827M (AvailPageFile size 10M)
current process WorkingSet (physical memory assigned to process): 8M, peak: 8M
current process commit charge ("private bytes"): 3M, peak: 3M

vm_info: Java HotSpot(TM) 64-Bit Server VM (21.0.2+13-LTS-58) for windows-amd64 JRE (21.0.2+13-LTS-58), built on 2024-01-05T18:32:24Z by "mach5one" with MS VC++ 17.1 (VS2022)

END.
