#
# There is insufficient memory for the Java Runtime Environment to continue.
# Native memory allocation (mmap) failed to map 33554432 bytes for G1 virtual space
# Possible reasons:
#   The system is out of physical RAM or swap space
#   The process is running with CompressedOops enabled, and the Java Heap may be blocking the growth of the native heap
# Possible solutions:
#   Reduce memory load on the system
#   Increase physical memory or swap space
#   Check if swap backing store is full
#   Decrease Java heap size (-Xmx/-Xms)
#   Decrease number of Java threads
#   Decrease Java thread stack sizes (-Xss)
#   Set larger code cache with -XX:ReservedCodeCacheSize=
#   JVM is running with Unscaled Compressed Oops mode in which the Java heap is
#     placed in the first 4GB address space. The Java Heap base address is the
#     maximum limit for the native heap growth. Please use -XX:HeapBaseMinAddress
#     to set the Java Heap base and to place the Java Heap above 4GB virtual address.
# This output file may be truncated or incomplete.
#
#  Out of Memory Error (os_windows.cpp:3600), pid=11624, tid=11004
#
# JRE version:  (21.0.2+13) (build )
# Java VM: Java HotSpot(TM) 64-Bit Server VM (21.0.2+13-LTS-58, mixed mode, sharing, tiered, compressed oops, compressed class ptrs, g1 gc, windows-amd64)
# No core dump will be written. Minidumps are not enabled by default on client versions of Windows
#

---------------  S U M M A R Y ------------

Command Line: -Dfile.encoding=UTF-8 --module-path=R:\Bank server\build\classes bank.server.Login

Host: Intel(R) Core(TM) i5-4460  CPU @ 3.20GHz, 4 cores, 1G,  Windows 11 , 64 bit Build 22621 (10.0.22621.2506)
Time: Tue Jun  4 12:09:55 2024 GMT Summer Time elapsed time: 0.024928 seconds (0d 0h 0m 0s)

---------------  T H R E A D  ---------------

Current thread (0x000001658a1b9440):  JavaThread "Unknown thread" [_thread_in_vm, id=11004, stack(0x00000016d7e00000,0x00000016d7f00000) (1024K)]

Stack: [0x00000016d7e00000,0x00000016d7f00000]
Native frames: (J=compiled Java code, j=interpreted, Vv=VM code, C=native code)
V  [jvm.dll+0x6cade9]
V  [jvm.dll+0x8569c1]
V  [jvm.dll+0x858d2e]
V  [jvm.dll+0x859413]
V  [jvm.dll+0x280e56]
V  [jvm.dll+0x6c74d5]
V  [jvm.dll+0x6bbeca]
V  [jvm.dll+0x355bca]
V  [jvm.dll+0x35d816]
V  [jvm.dll+0x3ae67e]
V  [jvm.dll+0x3ae928]
V  [jvm.dll+0x3295dc]
V  [jvm.dll+0x32a16b]
V  [jvm.dll+0x81efa9]
V  [jvm.dll+0x3bba01]
V  [jvm.dll+0x807928]
V  [jvm.dll+0x44f50e]
V  [jvm.dll+0x450e11]
C  [jli.dll+0x52a3]
C  [ucrtbase.dll+0x29363]
C  [KERNEL32.DLL+0x1257d]
C  [ntdll.dll+0x5aa58]


---------------  P R O C E S S  ---------------

Threads class SMR info:
_java_thread_list=0x00007fff13e1bb88, length=0, elements={
}

Java Threads: ( => current thread )
Total: 0

Other Threads:
  0x000001658a1dc350 WorkerThread "GC Thread#0"                     [id=5788, stack(0x00000016d7f00000,0x00000016d8000000) (1024K)]
  0x000001658a1e1940 ConcurrentGCThread "G1 Main Marker"            [id=6460, stack(0x00000016d8000000,0x00000016d8100000) (1024K)]
  0x000001658a1e2440 WorkerThread "G1 Conc#0"                       [id=5944, stack(0x00000016d8100000,0x00000016d8200000) (1024K)]

[error occurred during error reporting (printing all threads), id 0xc0000005, EXCEPTION_ACCESS_VIOLATION (0xc0000005) at pc=0x00007fff1358c6a7]
VM state: not at safepoint (not fully initialized)

VM Mutex/Monitor currently owned by a thread:  ([mutex/lock_event])
[0x00007fff13e8ce68] Heap_lock - owner thread: 0x000001658a1b9440

Heap address: 0x00000000e1400000, size: 492 MB, Compressed Oops mode: 32-bit

CDS archive(s) mapped at: [0x0000000000000000-0x0000000000000000-0x0000000000000000), size 0, SharedBaseAddress: 0x0000000800000000, ArchiveRelocationMode: 1.
Narrow klass base: 0x0000000000000000, Narrow klass shift: 0, Narrow klass range: 0x0

GC Precious Log:
 CardTable entry size: 512
 Card Set container configuration: InlinePtr #cards 5 size 8 Array Of Cards #cards 12 size 40 Howl #buckets 4 coarsen threshold 1843 Howl Bitmap #cards 512 size 80 coarsen threshold 460 Card regions per heap region 1 cards per card region 2048

Heap:
 garbage-first heap   total 0K, used 0K [0x00000000e1400000, 0x0000000100000000)
  region size 1024K, 0 young (0K), 0 survivors (0K)

[error occurred during error reporting (printing heap information), id 0xc0000005, EXCEPTION_ACCESS_VIOLATION (0xc0000005) at pc=0x00007fff139739f9]
GC Heap History (0 events):
No events

Dll operation events (1 events):
Event: 0.011 Loaded shared library C:\Program Files\Java\jdk-21\bin\java.dll

Deoptimization events (0 events):
No events

Classes loaded (0 events):
No events

Classes unloaded (0 events):
No events

Classes redefined (0 events):
No events

Internal exceptions (0 events):
No events

ZGC Phase Switch (0 events):
No events

VM Operations (0 events):
No events

Events (0 events):
No events


Dynamic libraries:
0x00007ff7bf9c0000 - 0x00007ff7bf9d0000 	C:\Program Files\Java\jdk-21\bin\java.exe
0x00007fff4f190000 - 0x00007fff4f3a7000 	C:\Windows\SYSTEM32\ntdll.dll
0x00007fff4e160000 - 0x00007fff4e224000 	C:\Windows\System32\KERNEL32.DLL
0x00007fff4c790000 - 0x00007fff4cb36000 	C:\Windows\System32\KERNELBASE.dll
0x00007fff4cc10000 - 0x00007fff4cd21000 	C:\Windows\System32\ucrtbase.dll
0x00007fff480b0000 - 0x00007fff480cb000 	C:\Program Files\Java\jdk-21\bin\VCRUNTIME140.dll
0x00007fff43300000 - 0x00007fff43319000 	C:\Program Files\Java\jdk-21\bin\jli.dll
0x00007fff4e290000 - 0x00007fff4e343000 	C:\Windows\System32\ADVAPI32.dll
0x00007fff4d810000 - 0x00007fff4d8b7000 	C:\Windows\System32\msvcrt.dll
0x00007fff4e0b0000 - 0x00007fff4e158000 	C:\Windows\System32\sechost.dll
0x00007fff4c4d0000 - 0x00007fff4c4f8000 	C:\Windows\System32\bcrypt.dll
0x00007fff4cef0000 - 0x00007fff4d007000 	C:\Windows\System32\RPCRT4.dll
0x00007fff4df00000 - 0x00007fff4e0ae000 	C:\Windows\System32\USER32.dll
0x00007fff4cbe0000 - 0x00007fff4cc06000 	C:\Windows\System32\win32u.dll
0x00007fff4e350000 - 0x00007fff4e379000 	C:\Windows\System32\GDI32.dll
0x00007fff4c500000 - 0x00007fff4c618000 	C:\Windows\System32\gdi32full.dll
0x00007fff4cb40000 - 0x00007fff4cbda000 	C:\Windows\System32\msvcp_win.dll
0x00007fff39b40000 - 0x00007fff39dd3000 	C:\Windows\WinSxS\amd64_microsoft.windows.common-controls_6595b64144ccf1df_6.0.22621.2506_none_270c5ae97388e100\COMCTL32.dll
0x00007fff3fda0000 - 0x00007fff3fdaa000 	C:\Windows\SYSTEM32\VERSION.dll
0x00007fff4e250000 - 0x00007fff4e281000 	C:\Windows\System32\IMM32.DLL
0x00007fff49830000 - 0x00007fff4983c000 	C:\Program Files\Java\jdk-21\bin\vcruntime140_1.dll
0x00007fff21f80000 - 0x00007fff2200e000 	C:\Program Files\Java\jdk-21\bin\msvcp140.dll
0x00007fff13250000 - 0x00007fff13f67000 	C:\Program Files\Java\jdk-21\bin\server\jvm.dll
0x00007fff4d970000 - 0x00007fff4d9e1000 	C:\Windows\System32\WS2_32.dll
0x00007fff4c3a0000 - 0x00007fff4c3ed000 	C:\Windows\SYSTEM32\POWRPROF.dll
0x00007fff326d0000 - 0x00007fff32704000 	C:\Windows\SYSTEM32\WINMM.dll
0x00007fff4c380000 - 0x00007fff4c393000 	C:\Windows\SYSTEM32\UMPDC.dll
0x00007fff4b500000 - 0x00007fff4b518000 	C:\Windows\SYSTEM32\kernel.appcore.dll
0x00007fff480a0000 - 0x00007fff480aa000 	C:\Program Files\Java\jdk-21\bin\jimage.dll
0x00007fff3dd50000 - 0x00007fff3df83000 	C:\Windows\SYSTEM32\DBGHELP.DLL
0x00007fff4db70000 - 0x00007fff4def9000 	C:\Windows\System32\combase.dll
0x00007fff4e800000 - 0x00007fff4e8d7000 	C:\Windows\System32\OLEAUT32.dll
0x00007fff3d540000 - 0x00007fff3d572000 	C:\Windows\SYSTEM32\dbgcore.DLL
0x00007fff4ce60000 - 0x00007fff4ceda000 	C:\Windows\System32\bcryptPrimitives.dll
0x00007fff464f0000 - 0x00007fff4650f000 	C:\Program Files\Java\jdk-21\bin\java.dll

dbghelp: loaded successfully - version: 4.0.5 - missing functions: none
symbol engine: initialized successfully - sym options: 0x614 - pdb path: .;C:\Program Files\Java\jdk-21\bin;C:\Windows\SYSTEM32;C:\Windows\WinSxS\amd64_microsoft.windows.common-controls_6595b64144ccf1df_6.0.22621.2506_none_270c5ae97388e100;C:\Program Files\Java\jdk-21\bin\server

VM Arguments:
jvm_args: -Dfile.encoding=UTF-8 --module-path=R:\Bank server\build\classes 
java_command: bank.server.Login
java_class_path (initial): R:\Bank server\build\classes
Launcher Type: SUN_STANDARD

[Global flags]
     intx CICompilerCount                          = 3                                         {product} {ergonomic}
     uint ConcGCThreads                            = 1                                         {product} {ergonomic}
     uint G1ConcRefinementThreads                  = 4                                         {product} {ergonomic}
   size_t G1HeapRegionSize                         = 1048576                                   {product} {ergonomic}
    uintx GCDrainStackTargetSize                   = 64                                        {product} {ergonomic}
   size_t InitialHeapSize                          = 33554432                                  {product} {ergonomic}
   size_t MarkStackSize                            = 4194304                                   {product} {ergonomic}
   size_t MaxHeapSize                              = 515899392                                 {product} {ergonomic}
   size_t MinHeapDeltaBytes                        = 1048576                                   {product} {ergonomic}
   size_t MinHeapSize                              = 8388608                                   {product} {ergonomic}
    uintx NonNMethodCodeHeapSize                   = 5832780                                {pd product} {ergonomic}
    uintx NonProfiledCodeHeapSize                  = 122912730                              {pd product} {ergonomic}
    uintx ProfiledCodeHeapSize                     = 122912730                              {pd product} {ergonomic}
    uintx ReservedCodeCacheSize                    = 251658240                              {pd product} {ergonomic}
     bool SegmentedCodeCache                       = true                                      {product} {ergonomic}
   size_t SoftMaxHeapSize                          = 515899392                              {manageable} {ergonomic}
     bool UseCompressedOops                        = true                           {product lp64_product} {ergonomic}
     bool UseG1GC                                  = true                                      {product} {ergonomic}
     bool UseLargePagesIndividualAllocation        = false                                  {pd product} {ergonomic}

Logging:
Log output configuration:
 #0: stdout all=warning uptime,level,tags foldmultilines=false
 #1: stderr all=off uptime,level,tags foldmultilines=false

Environment Variables:
JAVA_HOME=C:\Program Files\Java\jdk-21\bin
PATH=C:\Program Files\Common Files\Oracle\Java\javapath;C:\Windows\system32;C:\Windows;C:\Windows\System32\Wbem;C:\Windows\System32\WindowsPowerShell\v1.0\;C:\Windows\System32\OpenSSH\;C:\Program Files\Git\cmd;C:\Program Files\Java\jdk-21\bin;D:\Program Files\Java\jdk-22\bin;C:\Program Files\MySQL\MySQL Shell 8.0\bin\;C:\Users\Aamir\AppData\Local\Microsoft\WindowsApps;C:\Users\Aamir\AppData\Local\GitHubDesktop\bin;d:\Users\Aamir\AppData\Local\Programs\Microsoft VS Code\bin
USERNAME=Aamir
OS=Windows_NT
PROCESSOR_IDENTIFIER=Intel64 Family 6 Model 60 Stepping 3, GenuineIntel
TMP=C:\Users\Aamir\AppData\Local\Temp
TEMP=C:\Users\Aamir\AppData\Local\Temp




Periodic native trim disabled

---------------  S Y S T E M  ---------------

OS:
 Windows 11 , 64 bit Build 22621 (10.0.22621.2506)
OS uptime: 1 days 2:23 hours

CPU: total 4 (initial active 4) (4 cores per cpu, 1 threads per core) family 6 model 60 stepping 3 microcode 0x28, cx8, cmov, fxsr, mmx, sse, sse2, sse3, ssse3, sse4.1, sse4.2, popcnt, lzcnt, tsc, tscinvbit, avx, avx2, aes, erms, clmul, bmi1, bmi2, fma, vzeroupper, clflush, rdtscp, f16c
Processor Information for all 4 processors :
  Max Mhz: 3201, Current Mhz: 3201, Mhz Limit: 3201

Memory: 4k page, system-wide physical 1960M (202M free)
TotalPageFile size 6827M (AvailPageFile size 24M)
current process WorkingSet (physical memory assigned to process): 10M, peak: 10M
current process commit charge ("private bytes"): 51M, peak: 83M

vm_info: Java HotSpot(TM) 64-Bit Server VM (21.0.2+13-LTS-58) for windows-amd64 JRE (21.0.2+13-LTS-58), built on 2024-01-05T18:32:24Z by "mach5one" with MS VC++ 17.1 (VS2022)

END.
